<?xml version="1.0" encoding="UTF-8"?>
<testng-results ignored="0" total="1" passed="1" failed="0" skipped="0">
  <reporter-output>
  </reporter-output>
  <suite started-at="2020-02-01T08:11:51 IST" name="Suite" finished-at="2020-02-01T08:12:10 IST" duration-ms="19441">
    <groups>
    </groups>
    <test started-at="2020-02-01T08:11:51 IST" name="Test" finished-at="2020-02-01T08:12:10 IST" duration-ms="19441">
      <class name="com.vtiger.testScript.CreateCampaignTest">
        <test-method is-config="true" signature="connnectDB()[pri:0, instance:com.vtiger.testScript.CreateCampaignTest@6a03bcb1]" started-at="2020-02-01T08:11:51 IST" name="connnectDB" finished-at="2020-02-01T08:11:51 IST" duration-ms="15" status="PASS">
          <reporter-output>
          </reporter-output>
        </test-method> <!-- connnectDB -->
        <test-method is-config="true" signature="openBrowser()[pri:0, instance:com.vtiger.testScript.CreateCampaignTest@6a03bcb1]" started-at="2020-02-01T08:11:51 IST" name="openBrowser" finished-at="2020-02-01T08:11:57 IST" duration-ms="5665" status="PASS">
          <reporter-output>
          </reporter-output>
        </test-method> <!-- openBrowser -->
        <test-method is-config="true" signature="login()[pri:0, instance:com.vtiger.testScript.CreateCampaignTest@6a03bcb1]" started-at="2020-02-01T08:11:57 IST" name="login" finished-at="2020-02-01T08:11:59 IST" duration-ms="2147" status="PASS">
          <reporter-output>
          </reporter-output>
        </test-method> <!-- login -->
        <test-method signature="campaignGenerationTest()[pri:0, instance:com.vtiger.testScript.CreateCampaignTest@6a03bcb1]" started-at="2020-02-01T08:11:59 IST" name="campaignGenerationTest" finished-at="2020-02-01T08:12:06 IST" duration-ms="7654" status="PASS">
          <reporter-output>
          </reporter-output>
        </test-method> <!-- campaignGenerationTest -->
        <test-method is-config="true" signature="logout()[pri:0, instance:com.vtiger.testScript.CreateCampaignTest@6a03bcb1]" started-at="2020-02-01T08:12:06 IST" name="logout" finished-at="2020-02-01T08:12:07 IST" duration-ms="1054" status="PASS">
          <reporter-output>
          </reporter-output>
        </test-method> <!-- logout -->
        <test-method is-config="true" signature="closeBrowser()[pri:0, instance:com.vtiger.testScript.CreateCampaignTest@6a03bcb1]" started-at="2020-02-01T08:12:07 IST" name="closeBrowser" finished-at="2020-02-01T08:12:10 IST" duration-ms="2886" status="PASS">
          <reporter-output>
          </reporter-output>
        </test-method> <!-- closeBrowser -->
        <test-method is-config="true" signature="closeDB()[pri:0, instance:com.vtiger.testScript.CreateCampaignTest@6a03bcb1]" started-at="2020-02-01T08:12:10 IST" name="closeDB" finished-at="2020-02-01T08:12:10 IST" duration-ms="0" status="PASS">
          <reporter-output>
          </reporter-output>
        </test-method> <!-- closeDB -->
      </class> <!-- com.vtiger.testScript.CreateCampaignTest -->
    </test> <!-- Test -->
  </suite> <!-- Suite -->
</testng-results>
